<?xml version="1.0" encoding="UTF-8"?>
<!-- Generated by org.testng.reporters.JUnitReportReporter -->
<testsuite hostname="CHNMCT133278L" name="com.TVEapplication.Module.HGTVTest" tests="1" failures="0" timestamp="30 Oct 2017 10:03:22 GMT" time="430.389" errors="0">
  <testcase name="FoodNetwork" time="430.389" classname="com.TVEapplication.Module.HGTVTest"/>
</testsuite> <!-- com.TVEapplication.Module.HGTVTest -->
