<?xml version="1.0" encoding="UTF-8"?>
<!-- Generated by org.testng.reporters.JUnitReportReporter -->
<testsuite hostname="CHNMCT133278L" name="com.TVEapplication.Module.LifetimeTest" tests="1" failures="0" timestamp="17 Nov 2017 10:44:18 GMT" time="663.798" errors="0">
  <testcase name="Lifetime" time="663.798" classname="com.TVEapplication.Module.LifetimeTest"/>
</testsuite> <!-- com.TVEapplication.Module.LifetimeTest -->
