<?xml version="1.0" encoding="UTF-8"?>
<!-- Generated by org.testng.reporters.JUnitReportReporter -->
<testsuite hostname="CHNMCT133278L" name="com.TVEapplication.Module.BTNTest" tests="1" failures="0" timestamp="13 Dec 2017 10:00:59 GMT" time="332.185" errors="0">
  <testcase name="BTN" time="332.185" classname="com.TVEapplication.Module.BTNTest"/>
</testsuite> <!-- com.TVEapplication.Module.BTNTest -->
