<?xml version="1.0" encoding="UTF-8"?>
<!-- Generated by org.testng.reporters.JUnitReportReporter -->
<testsuite hostname="BSL-BNG-L158" name="com.mobile.browser.automation.SpectrumDOTNet" tests="1" failures="0" timestamp="13 Jul 2017 18:50:04 GMT" time="219.392" errors="0">
  <testcase name="ResetModem_Internet" time="219.392" classname="com.mobile.browser.automation.SpectrumDOTNet"/>
</testsuite> <!-- com.mobile.browser.automation.SpectrumDOTNet -->
