<?xml version="1.0" encoding="UTF-8"?>
<!-- Generated by org.testng.reporters.JUnitReportReporter -->
<testsuite hostname="CHNMCT133278L" name="com.TVEapplication.Module.FoxNowTest" tests="1" failures="0" timestamp="17 Nov 2017 10:44:19 GMT" time="616.907" errors="0">
  <testcase name="FoxNow" time="616.907" classname="com.TVEapplication.Module.FoxNowTest"/>
</testsuite> <!-- com.TVEapplication.Module.FoxNowTest -->
