<?xml version="1.0" encoding="UTF-8"?>
<!-- Generated by org.testng.reporters.JUnitReportReporter -->
<testsuite hostname="CHNMCT133278L" name="com.TVEapplication.Module.ShowtimeAnytimeTest" tests="1" failures="0" timestamp="13 Nov 2017 11:34:27 GMT" time="777.153" errors="0">
  <testcase name="ShowtimeAnytime" time="777.153" classname="com.TVEapplication.Module.ShowtimeAnytimeTest"/>
</testsuite> <!-- com.TVEapplication.Module.ShowtimeAnytimeTest -->
