<?xml version="1.0" encoding="UTF-8"?>
<!-- Generated by org.testng.reporters.JUnitReportReporter -->
<testsuite hostname="CHNMCT133278L" name="com.TVEapplication.Module.DIYTest" tests="1" failures="0" timestamp="1 Nov 2017 10:04:12 GMT" time="532.008" errors="0">
  <testcase name="DIY" time="532.008" classname="com.TVEapplication.Module.DIYTest"/>
</testsuite> <!-- com.TVEapplication.Module.DIYTest -->
