<?xml version="1.0" encoding="UTF-8"?>
<!-- Generated by org.testng.reporters.JUnitReportReporter -->
<testsuite hostname="CHNMCT133278L" name="com.TVEapplication.Module.FoxBusinessTest" tests="1" failures="0" timestamp="13 Dec 2017 10:00:59 GMT" time="437.378" errors="0">
  <testcase name="FoxBusiness" time="437.378" classname="com.TVEapplication.Module.FoxBusinessTest"/>
</testsuite> <!-- com.TVEapplication.Module.FoxBusinessTest -->
