<?xml version="1.0" encoding="UTF-8"?>
<!-- Generated by org.testng.reporters.JUnitReportReporter -->
<testsuite hostname="CHNMCT133278L" name="com.TVEapplication.Module.FreeformTest" tests="1" failures="0" timestamp="13 Dec 2017 10:00:59 GMT" time="22.291" errors="0">
  <testcase name="Freeform" time="22.291" classname="com.TVEapplication.Module.FreeformTest"/>
</testsuite> <!-- com.TVEapplication.Module.FreeformTest -->
