<?xml version="1.0" encoding="UTF-8"?>
<!-- Generated by org.testng.reporters.JUnitReportReporter -->
<testsuite hostname="CHNMCT133278L" name="com.TVEapplication.Module.ComedyCentralTest" tests="1" failures="0" timestamp="13 Dec 2017 10:00:59 GMT" time="669.948" errors="0">
  <testcase name="ComedyCentral" time="669.948" classname="com.TVEapplication.Module.ComedyCentralTest"/>
</testsuite> <!-- com.TVEapplication.Module.ComedyCentralTest -->
