<?xml version="1.0" encoding="UTF-8"?>
<!-- Generated by org.testng.reporters.JUnitReportReporter -->
<testsuite hostname="USBLRNSELARKA1" name="com.mobile.browser.automation.Module.UserAuthenticationTests" tests="2" failures="0" timestamp="31 Aug 2017 10:41:26 GMT" time="969.209" errors="0">
  <testcase name="ValidateUserNavigateToZipcodeValidationOnIncorrectCombination" time="487.126" classname="com.mobile.browser.automation.Module.UserAuthenticationTests"/>
  <testcase name="ValidateUserisAbletoCreateUsernamefromBHNZipcodeOverlap" time="482.083" classname="com.mobile.browser.automation.Module.UserAuthenticationTests"/>
</testsuite> <!-- com.mobile.browser.automation.Module.UserAuthenticationTests -->
