<?xml version="1.0" encoding="UTF-8"?>
<!-- Generated by org.testng.reporters.JUnitReportReporter -->
<testsuite hostname="USBLRJPANDA9" name="com.mobile.browser.automation.Module.CouponRedemptionTests" tests="1" failures="0" timestamp="28 Aug 2017 10:12:43 GMT" time="274.188" errors="0">
  <testcase name="ValidationOfValidinvalidusedCouponRedemption" time="274.188" classname="com.mobile.browser.automation.Module.CouponRedemptionTests"/>
</testsuite> <!-- com.mobile.browser.automation.Module.CouponRedemptionTests -->
