<?xml version="1.0" encoding="UTF-8"?>
<!-- Generated by org.testng.reporters.JUnitReportReporter -->
<testsuite hostname="USBLRJPANDA9" name="com.mobile.browser.automation.Module.IntegratedTroubleShootingTests" tests="1" failures="0" timestamp="11 Aug 2017 07:29:35 GMT" time="798.823" errors="0">
  <testcase name="user_Able_to_Reset_modem_Successfully_ConnectionStatusUnknown" time="798.823" classname="com.mobile.browser.automation.Module.IntegratedTroubleShootingTests"/>
</testsuite> <!-- com.mobile.browser.automation.Module.IntegratedTroubleShootingTests -->
