<?xml version="1.0" encoding="UTF-8"?>
<!-- Generated by org.testng.reporters.JUnitReportReporter -->
<testsuite hostname="CHNMCT133278L" name="com.TVEapplication.Module.DiscoveryTest" tests="1" failures="0" timestamp="13 Dec 2017 10:00:59 GMT" time="807.797" errors="0">
  <testcase name="Discovery" time="807.797" classname="com.TVEapplication.Module.DiscoveryTest"/>
</testsuite> <!-- com.TVEapplication.Module.DiscoveryTest -->
