<?xml version="1.0" encoding="UTF-8"?>
<!-- Generated by org.testng.reporters.JUnitReportReporter -->
<testsuite hostname="USBLRJPANDA9" name="com.mobile.browser.automation.Module.IntelligentVoiceAssistantTests" tests="1" failures="0" timestamp="3 Aug 2017 13:19:16 GMT" time="79.574" errors="0">
  <testcase name="verifyWhetherTheUserIsRedirectedTotheappropriateSupportContentForZipcodeWithmultipleFootprint" time="79.574" classname="com.mobile.browser.automation.Module.IntelligentVoiceAssistantTests"/>
</testsuite> <!-- com.mobile.browser.automation.Module.IntelligentVoiceAssistantTests -->
