<?xml version="1.0" encoding="UTF-8"?>
<!-- Generated by org.testng.reporters.JUnitReportReporter -->
<testsuite hostname="CHNMCT133278L" name="com.TVEapplication.Module.VelocityTest" tests="1" failures="0" timestamp="13 Dec 2017 10:00:59 GMT" time="268.073" errors="0">
  <testcase name="Velocity" time="268.073" classname="com.TVEapplication.Module.VelocityTest"/>
</testsuite> <!-- com.TVEapplication.Module.VelocityTest -->
