<?xml version="1.0" encoding="UTF-8"?>
<!-- Generated by org.testng.reporters.JUnitReportReporter -->
<testsuite hostname="CHNMCT133278L" name="com.TVEapplication.Module.TLCTest" tests="1" failures="0" timestamp="13 Dec 2017 10:00:59 GMT" time="812.114" errors="0">
  <testcase name="TLC" time="812.114" classname="com.TVEapplication.Module.TLCTest"/>
</testsuite> <!-- com.TVEapplication.Module.TLCTest -->
