<?xml version="1.0" encoding="UTF-8"?>
<!-- Generated by org.testng.reporters.JUnitReportReporter -->
<testsuite hostname="CHNMCT133278L" name="com.TVEapplication.Module.AdultSwimTest" tests="1" failures="0" timestamp="17 Nov 2017 10:44:19 GMT" time="395.955" errors="0">
  <testcase name="AdultSwim" time="395.955" classname="com.TVEapplication.Module.AdultSwimTest"/>
</testsuite> <!-- com.TVEapplication.Module.AdultSwimTest -->
