<?xml version="1.0" encoding="UTF-8"?>
<!-- Generated by org.testng.reporters.JUnitReportReporter -->
<testsuite hostname="USBLRNSELARKA1" name="com.TVEapplication.Module.AMC" tests="1" failures="0" timestamp="8 Sep 2017 08:01:06 GMT" time="57.678" errors="0">
  <testcase name="AMC_ValidateSpectrumLogin" time="57.678" classname="com.TVEapplication.Module.AMC"/>
</testsuite> <!-- com.TVEapplication.Module.AMC -->
