<?xml version="1.0" encoding="UTF-8"?>
<!-- Generated by org.testng.reporters.JUnitReportReporter -->
<testsuite hostname="CHNMCT133278L" name="com.TVEapplication.Module.TruTVTest" tests="1" failures="0" timestamp="13 Dec 2017 16:54:44 GMT" time="669.024" errors="0">
  <testcase name="TruTV" time="669.024" classname="com.TVEapplication.Module.TruTVTest"/>
</testsuite> <!-- com.TVEapplication.Module.TruTVTest -->
