<?xml version="1.0" encoding="UTF-8"?>
<!-- Generated by org.testng.reporters.JUnitReportReporter -->
<testsuite hostname="CHNMCT133278L" name="com.TVEapplication.Module.CookingChannelTest" tests="1" failures="0" timestamp="13 Dec 2017 10:00:59 GMT" time="381.185" errors="0">
  <testcase name="CookingChannel" time="381.185" classname="com.TVEapplication.Module.CookingChannelTest"/>
</testsuite> <!-- com.TVEapplication.Module.CookingChannelTest -->
