<?xml version="1.0" encoding="UTF-8"?>
<!-- Generated by org.testng.reporters.JUnitReportReporter -->
<testsuite hostname="BSL-BNG-L158" name="com.mobile.browser.automation.scenarios.SpectrumDOTNet" tests="1" failures="0" timestamp="13 Jul 2017 20:31:56 GMT" time="279.636" errors="0">
  <testcase name="ResetModem_Internet" time="279.636" classname="com.mobile.browser.automation.scenarios.SpectrumDOTNet"/>
</testsuite> <!-- com.mobile.browser.automation.scenarios.SpectrumDOTNet -->
