<?xml version="1.0" encoding="UTF-8"?>
<!-- Generated by org.testng.reporters.JUnitReportReporter -->
<testsuite hostname="CHNMCT133278L" name="com.TVEapplication.Module.NickJrTest" tests="1" failures="0" timestamp="13 Dec 2017 10:00:59 GMT" time="776.108" errors="0">
  <testcase name="NickJr" time="776.108" classname="com.TVEapplication.Module.NickJrTest"/>
</testsuite> <!-- com.TVEapplication.Module.NickJrTest -->
