<?xml version="1.0" encoding="UTF-8"?>
<!-- Generated by org.testng.reporters.JUnitReportReporter -->
<testsuite hostname="CHNMCT133278L" name="com.TVEapplication.Module.TravelChannelTest" tests="1" failures="0" timestamp="6 Nov 2017 12:33:30 GMT" time="739.932" errors="0">
  <testcase name="TravelChannel" time="739.932" classname="com.TVEapplication.Module.TravelChannelTest"/>
</testsuite> <!-- com.TVEapplication.Module.TravelChannelTest -->
