<?xml version="1.0" encoding="UTF-8"?>
<!-- Generated by org.testng.reporters.JUnitReportReporter -->
<testsuite hostname="USBLRNSELARKA1" name="com.TVEapplication.Module.DiscoverGO" tests="1" failures="0" timestamp="7 Sep 2017 10:10:36 GMT" time="295.756" errors="0">
  <testcase name="ValidateLogin" time="295.756" classname="com.TVEapplication.Module.DiscoverGO"/>
</testsuite> <!-- com.TVEapplication.Module.DiscoverGO -->
