<?xml version="1.0" encoding="UTF-8"?>
<!-- Generated by org.testng.reporters.JUnitReportReporter -->
<testsuite hostname="CHNMCT133278L" name="com.TVEapplication.Module.WatchEspnTest" tests="1" failures="0" timestamp="25 Oct 2017 06:02:36 GMT" time="96.693" errors="0">
  <testcase name="WatchEspn" time="96.693" classname="com.TVEapplication.Module.WatchEspnTest"/>
</testsuite> <!-- com.TVEapplication.Module.WatchEspnTest -->
