<?xml version="1.0" encoding="UTF-8"?>
<!-- Generated by org.testng.reporters.JUnitReportReporter -->
<testsuite hostname="CHNMCT133278L" name="com.TVEapplication.Module.SpikeTest" tests="1" failures="0" timestamp="6 Nov 2017 17:44:23 GMT" time="837.976" errors="0">
  <testcase name="Spike" time="837.976" classname="com.TVEapplication.Module.SpikeTest"/>
</testsuite> <!-- com.TVEapplication.Module.SpikeTest -->
