<?xml version="1.0" encoding="UTF-8"?>
<!-- Generated by org.testng.reporters.JUnitReportReporter -->
<testsuite hostname="CHNMCT133278L" name="com.TVEapplication.Module.AHCTest" tests="1" failures="0" timestamp="13 Dec 2017 10:00:59 GMT" time="818.527" errors="0">
  <testcase name="AHC" time="818.527" classname="com.TVEapplication.Module.AHCTest"/>
</testsuite> <!-- com.TVEapplication.Module.AHCTest -->
