<?xml version="1.0" encoding="UTF-8"?>
<!-- Generated by org.testng.reporters.JUnitReportReporter -->
<testsuite hostname="CHNMCT133278L" name="com.TVEapplication.Module.LogoTest" tests="1" failures="0" timestamp="17 Nov 2017 10:44:18 GMT" time="719.036" errors="0">
  <testcase name="Logo" time="719.036" classname="com.TVEapplication.Module.LogoTest"/>
</testsuite> <!-- com.TVEapplication.Module.LogoTest -->
