<?xml version="1.0" encoding="UTF-8"?>
<!-- Generated by org.testng.reporters.JUnitReportReporter -->
<testsuite hostname="CHNMCT133278L" name="com.TVEapplication.Module.ABCTest" tests="1" failures="0" timestamp="13 Dec 2017 10:00:59 GMT" time="484.270" errors="0">
  <testcase name="ABC" time="484.270" classname="com.TVEapplication.Module.ABCTest"/>
</testsuite> <!-- com.TVEapplication.Module.ABCTest -->
