<?xml version="1.0" encoding="UTF-8"?>
<!-- Generated by org.testng.reporters.JUnitReportReporter -->
<testsuite hostname="USBLRJPANDA9" name="com.mobile.browser.automation.Module.SpectrumDOTNet" tests="1" failures="0" timestamp="25 Jul 2017 11:16:01 GMT" time="960.059" errors="0">
  <testcase name="user_Able_to_Reset_modem_Successfully_ConnectedGreen" time="960.059" classname="com.mobile.browser.automation.Module.SpectrumDOTNet"/>
</testsuite> <!-- com.mobile.browser.automation.Module.SpectrumDOTNet -->
