<?xml version="1.0" encoding="UTF-8"?>
<!-- Generated by org.testng.reporters.JUnitReportReporter -->
<testsuite hostname="USBLRNSELARKA1" name="com.TVEapplication.Module.WeTVTest" tests="1" failures="0" timestamp="13 Sep 2017 12:52:49 GMT" time="42.360" errors="0">
  <testcase name="WeTVChannel" time="42.360" classname="com.TVEapplication.Module.WeTVTest"/>
</testsuite> <!-- com.TVEapplication.Module.WeTVTest -->
