<?xml version="1.0" encoding="UTF-8"?>
<!-- Generated by org.testng.reporters.JUnitReportReporter -->
<testsuite hostname="CHNMCT133278L" name="com.TVEapplication.Module.CNNTest" tests="1" failures="0" timestamp="13 Dec 2017 16:54:44 GMT" time="844.177" errors="0">
  <testcase name="CNN" time="844.177" classname="com.TVEapplication.Module.CNNTest"/>
</testsuite> <!-- com.TVEapplication.Module.CNNTest -->
