<?xml version="1.0" encoding="UTF-8"?>
<!-- Generated by org.testng.reporters.JUnitReportReporter -->
<testsuite hostname="CHNMCT133278L" name="com.TVEapplication.Module.IFCTest" tests="1" failures="0" timestamp="30 Oct 2017 12:42:08 GMT" time="349.883" errors="0">
  <testcase name="IFC" time="349.883" classname="com.TVEapplication.Module.IFCTest"/>
</testsuite> <!-- com.TVEapplication.Module.IFCTest -->
