<?xml version="1.0" encoding="UTF-8"?>
<!-- Generated by org.testng.reporters.JUnitReportReporter -->
<testsuite hostname="CHNMCT133278L" name="com.TVEapplication.Module.VH1Test" tests="1" failures="0" timestamp="17 Nov 2017 10:44:18 GMT" time="569.424" errors="0">
  <testcase name="VH1" time="569.424" classname="com.TVEapplication.Module.VH1Test"/>
</testsuite> <!-- com.TVEapplication.Module.VH1Test -->
