<?xml version="1.0" encoding="UTF-8"?>
<!-- Generated by org.testng.reporters.JUnitReportReporter -->
<testsuite hostname="CHNMCT133278L" name="com.TVEapplication.Module.DestinationAmericaTest" tests="1" failures="0" timestamp="13 Dec 2017 10:00:59 GMT" time="897.982" errors="0">
  <testcase name="DestinationAmerica" time="897.982" classname="com.TVEapplication.Module.DestinationAmericaTest"/>
</testsuite> <!-- com.TVEapplication.Module.DestinationAmericaTest -->
