<?xml version="1.0" encoding="UTF-8"?>
<!-- Generated by org.testng.reporters.JUnitReportReporter -->
<testsuite hostname="CHNMCT133278L" name="com.TVEapplication.Module.HistoryTest" tests="1" failures="0" timestamp="17 Nov 2017 10:44:19 GMT" time="789.871" errors="0">
  <testcase name="History" time="789.871" classname="com.TVEapplication.Module.HistoryTest"/>
</testsuite> <!-- com.TVEapplication.Module.HistoryTest -->
